This is pdfTeXk, Version 3.141592-1.40.3 (Web2C 7.5.6) (format=pdflatex 2010.7.13)  10 SEP 2010 11:20
entering extended mode
 %&-line parsing enabled.
**BGPmon-deployment.tex
(./BGPmon-deployment.tex
LaTeX2e <2005/12/01>
Babel <v3.8h> and hyphenation patterns for english, usenglishmax, dumylang, noh
yphenation, arabic, basque, bulgarian, coptic, welsh, czech, slovak, german, ng
erman, danish, esperanto, spanish, catalan, galician, estonian, farsi, finnish,
 french, greek, monogreek, ancientgreek, croatian, hungarian, interlingua, ibyc
us, indonesian, icelandic, italian, latin, mongolian, dutch, norsk, polish, por
tuguese, pinyin, romanian, russian, slovenian, uppersorbian, serbian, swedish, 
turkish, ukenglish, ukrainian, loaded.
(/usr/share/texmf/tex/latex/base/article.cls
Document Class: article 2005/09/16 v1.4f Standard LaTeX document class
(/usr/share/texmf/tex/latex/base/size10.clo
File: size10.clo 2005/09/16 v1.4f Standard LaTeX file (size option)
)
\c@part=\count79
\c@section=\count80
\c@subsection=\count81
\c@subsubsection=\count82
\c@paragraph=\count83
\c@subparagraph=\count84
\c@figure=\count85
\c@table=\count86
\abovecaptionskip=\skip41
\belowcaptionskip=\skip42
\bibindent=\dimen102
)
(/usr/share/texmf/tex/latex/graphics/graphicx.sty
Package: graphicx 1999/02/16 v1.0f Enhanced LaTeX Graphics (DPC,SPQR)

(/usr/share/texmf/tex/latex/graphics/keyval.sty
Package: keyval 1999/03/16 v1.13 key=value parser (DPC)
\KV@toks@=\toks14
)
(/usr/share/texmf/tex/latex/graphics/graphics.sty
Package: graphics 2006/02/20 v1.0o Standard LaTeX Graphics (DPC,SPQR)

(/usr/share/texmf/tex/latex/graphics/trig.sty
Package: trig 1999/03/16 v1.09 sin cos tan (DPC)
)
(/usr/share/texmf/tex/latex/config/graphics.cfg
File: graphics.cfg 2007/01/18 v1.5 graphics configuration of teTeX/TeXLive
)
Package graphics Info: Driver file: pdftex.def on input line 90.

(/usr/share/texmf/tex/latex/pdftex-def/pdftex.def
File: pdftex.def 2007/01/08 v0.04d Graphics/color for pdfTeX
\Gread@gobject=\count87
))
\Gin@req@height=\dimen103
\Gin@req@width=\dimen104
)
(/usr/share/texmf/tex/latex/ltxmisc/url.sty
\Urlmuskip=\muskip10
Package: url 2005/06/27  ver 3.2  Verb mode for urls, etc.
)
(/usr/share/texmf/tex/latex/tools/verbatim.sty
Package: verbatim 2003/08/22 v1.5q LaTeX2e package for verbatim enhancements
\every@verbatim=\toks15
\verbatim@line=\toks16
\verbatim@in@stream=\read1
) (./latex8.sty
IEEE 8.5 x 11-Inch Proceedings Style `latex8.sty'.
\@ctmp=\skip43
\@figindent=\skip44
) (/usr/share/texmf/tex/latex/psnfss/times.sty
Package: times 2005/04/12 PSNFSS-v9.2a (SPQR) 
)
(/usr/share/texmf/tex/latex/hyperref/hyperref.sty
Package: hyperref 2007/02/07 v6.75r Hypertext links for LaTeX
\@linkdim=\dimen105
\Hy@linkcounter=\count88
\Hy@pagecounter=\count89

(/usr/share/texmf/tex/latex/hyperref/pd1enc.def
File: pd1enc.def 2007/02/07 v6.75r Hyperref: PDFDocEncoding definition (HO)
)
(/usr/share/texmf/tex/latex/config/hyperref.cfg
File: hyperref.cfg 2002/06/06 v1.2 hyperref configuration of TeXLive
)
(/usr/share/texmf/tex/latex/oberdiek/kvoptions.sty
Package: kvoptions 2006/08/22 v2.4 Connects package keyval with LaTeX options (
HO)
)
Package hyperref Info: Hyper figures OFF on input line 2288.
Package hyperref Info: Link nesting OFF on input line 2293.
Package hyperref Info: Hyper index ON on input line 2296.
Package hyperref Info: Plain pages OFF on input line 2303.
Package hyperref Info: Backreferencing OFF on input line 2308.

Implicit mode ON; LaTeX internals redefined
Package hyperref Info: Bookmarks ON on input line 2444.
LaTeX Info: Redefining \url on input line 2599.
\Fld@menulength=\count90
\Field@Width=\dimen106
\Fld@charsize=\dimen107
\Choice@toks=\toks17
\Field@toks=\toks18
Package hyperref Info: Hyper figures OFF on input line 3102.
Package hyperref Info: Link nesting OFF on input line 3107.
Package hyperref Info: Hyper index ON on input line 3110.
Package hyperref Info: backreferencing OFF on input line 3117.
Package hyperref Info: Link coloring OFF on input line 3122.
\Hy@abspage=\count91
\c@Item=\count92
\c@Hfootnote=\count93
)
*hyperref using default driver hpdftex*
(/usr/share/texmf/tex/latex/hyperref/hpdftex.def
File: hpdftex.def 2007/02/07 v6.75r Hyperref driver for pdfTeX
\Fld@listcount=\count94
)

LaTeX Warning: Unused global option(s):
    [times].

(./BGPmon-deployment.aux)
\openout1 = `BGPmon-deployment.aux'.

LaTeX Font Info:    Checking defaults for OML/cmm/m/it on input line 29.
LaTeX Font Info:    ... okay on input line 29.
LaTeX Font Info:    Checking defaults for T1/cmr/m/n on input line 29.
LaTeX Font Info:    ... okay on input line 29.
LaTeX Font Info:    Checking defaults for OT1/cmr/m/n on input line 29.
LaTeX Font Info:    ... okay on input line 29.
LaTeX Font Info:    Checking defaults for OMS/cmsy/m/n on input line 29.
LaTeX Font Info:    ... okay on input line 29.
LaTeX Font Info:    Checking defaults for OMX/cmex/m/n on input line 29.
LaTeX Font Info:    ... okay on input line 29.
LaTeX Font Info:    Checking defaults for U/cmr/m/n on input line 29.
LaTeX Font Info:    ... okay on input line 29.
LaTeX Font Info:    Checking defaults for PD1/pdf/m/n on input line 29.
LaTeX Font Info:    ... okay on input line 29.
LaTeX Font Info:    Try loading font information for OT1+ptm on input line 29.
 (/usr/share/texmf/tex/latex/psnfss/ot1ptm.fd
File: ot1ptm.fd 2001/06/04 font definitions for OT1/ptm.
)
Package hyperref Info: Link coloring OFF on input line 29.

(/usr/share/texmf/tex/latex/hyperref/nameref.sty
Package: nameref 2006/12/27 v2.28 Cross-referencing by name of section

(/usr/share/texmf/tex/latex/oberdiek/refcount.sty
Package: refcount 2006/02/20 v3.0 Data extraction from references (HO)
)
\c@section@level=\count95
)
LaTeX Info: Redefining \ref on input line 29.
LaTeX Info: Redefining \pageref on input line 29.
 (./BGPmon-deployment.out)
(./BGPmon-deployment.out)
\@outlinefile=\write3
\openout3 = `BGPmon-deployment.out'.

LaTeX Font Info:    Font shape `OT1/ptm/bx/n' in size <14.4> not available
(Font)              Font shape `OT1/ptm/b/n' tried instead on input line 31.
LaTeX Font Info:    External font `cmex10' loaded for size
(Font)              <12> on input line 31.
LaTeX Font Info:    External font `cmex10' loaded for size
(Font)              <8> on input line 31.
LaTeX Font Info:    External font `cmex10' loaded for size
(Font)              <6> on input line 31.


LaTeX Warning: No \author given.

(./intro.tex
LaTeX Font Info:    Font shape `OT1/ptm/bx/n' in size <12> not available
(Font)              Font shape `OT1/ptm/b/n' tried instead on input line 1.
LaTeX Font Info:    External font `cmex10' loaded for size
(Font)              <7> on input line 10.
LaTeX Font Info:    External font `cmex10' loaded for size
(Font)              <5> on input line 10.
) (./background.tex [1{/usr/share/texmf/fonts/map/pdftex/updmap/pdftex.map}


]) (./usage.tex
Underfull \hbox (badness 1067) in paragraph at lines 8--9
\OT1/ptm/m/n/10 es-tab-lish the TCP con-nec-tion to BGP-mon server \OT1/ptm/m/i
t/10 live-
 []



pdfTeX warning: pdflatex (file ./figs/BGPmon-peers-with-client.pdf): PDF inclus
ion: found PDF version <1.5>, but at most version <1.4> allowed
<figs/BGPmon-peers-with-client.pdf, id=58, 722.7pt x 542.025pt>
File: figs/BGPmon-peers-with-client.pdf Graphic file (type pdf)

<use figs/BGPmon-peers-with-client.pdf> [2 <./figs/BGPmon-peers-with-client.pdf


pdfTeX warning: pdflatex (file ./figs/BGPmon-peers-with-client.pdf): PDF inclus
ion: Page Group detected which pdfTeX can't handle. Ignoring it.
>]) (./mesh.tex

pdfTeX warning: pdflatex (file ./figs/your-isp-and-bgpmon1.pdf): PDF inclusion:
 found PDF version <1.5>, but at most version <1.4> allowed
<figs/your-isp-and-bgpmon1.pdf, id=85, 722.7pt x 542.025pt>
File: figs/your-isp-and-bgpmon1.pdf Graphic file (type pdf)

<use figs/your-isp-and-bgpmon1.pdf>

pdfTeX warning: pdflatex (file ./figs/your-isp-and-bgpmon2.pdf): PDF inclusion:
 found PDF version <1.5>, but at most version <1.4> allowed
<figs/your-isp-and-bgpmon2.pdf, id=88, 722.7pt x 542.025pt>
File: figs/your-isp-and-bgpmon2.pdf Graphic file (type pdf)

<use figs/your-isp-and-bgpmon2.pdf>

pdfTeX warning: pdflatex (file ./figs/your-isp-and-bgpmon4.pdf): PDF inclusion:
 found PDF version <1.5>, but at most version <1.4> allowed
<figs/your-isp-and-bgpmon4.pdf, id=92, 722.7pt x 542.025pt>
File: figs/your-isp-and-bgpmon4.pdf Graphic file (type pdf)

<use figs/your-isp-and-bgpmon4.pdf>) (./conclude.tex) (./BGPmon-deployment.bbl
Underfull \vbox (badness 6316) has occurred while \output is active []

 [3 <./figs/your-isp-and-bgpmon1.pdf

pdfTeX warning: pdflatex (file ./figs/your-isp-and-bgpmon1.pdf): PDF inclusion:
 Page Group detected which pdfTeX can't handle. Ignoring it.
> <./figs/your-isp-and-bgpmon2.pdf

pdfTeX warning: pdflatex (file ./figs/your-isp-and-bgpmon2.pdf): PDF inclusion:
 Page Group detected which pdfTeX can't handle. Ignoring it.
> <./figs/your-isp-and-bgpmon4.pdf

pdfTeX warning: pdflatex (file ./figs/your-isp-and-bgpmon4.pdf): PDF inclusion:
 Page Group detected which pdfTeX can't handle. Ignoring it.
>]) [4

] (./BGPmon-deployment.aux) ) 
Here is how much of TeX's memory you used:
 2646 strings out of 256216
 37034 string characters out of 1917072
 94038 words of memory out of 1500000
 5886 multiletter control sequences out of 10000+200000
 17298 words of font info for 37 fonts, out of 1200000 for 2000
 645 hyphenation exceptions out of 8191
 25i,7n,36p,1071b,407s stack positions out of 5000i,500n,6000p,200000b,15000s
{/usr/share/texmf/fonts/enc/dvips/base/8r.enc}</us
r/share/texmf/fonts/type1/bluesky/cm/cmmi10.pfb></usr/share/texmf/fonts/type1/u
rw/helvetic/uhvb8a.pfb></usr/share/texmf/fonts/type1/urw/times/utmb8a.pfb></usr
/share/texmf/fonts/type1/urw/times/utmr8a.pfb></usr/share/texmf/fonts/type1/urw
/times/utmri8a.pfb>
Output written on BGPmon-deployment.pdf (4 pages, 541028 bytes).
PDF statistics:
 203 PDF objects out of 1000 (max. 8388607)
 24 named destinations out of 1000 (max. 131072)
 93 words of extra memory for PDF output out of 10000 (max. 10000000)

